[2019-02-19 11:28:31] local.ERROR: include(/var/www/html/controlcoin/app/Console/Commands/cronGanancias.php): failed to open stream: No such file or directory {"exception":"[object] (ErrorException(code: 0): include(/var/www/html/controlcoin/app/Console/Commands/cronGanancias.php): failed to open stream: No such file or directory at /var/www/html/controlcoin/vendor/composer/ClassLoader.php:412)
[stacktrace]
#0 /var/www/html/controlcoin/vendor/composer/ClassLoader.php(412): Illuminate\\Foundation\\Bootstrap\\HandleExceptions->handleError(2, 'include(/var/ww...', '/var/www/html/c...', 412, Array)
#1 /var/www/html/controlcoin/vendor/composer/ClassLoader.php(412): include()
#2 /var/www/html/controlcoin/vendor/composer/ClassLoader.php(301): Composer\\Autoload\\includeFile('/var/www/html/c...')
#3 [internal function]: Composer\\Autoload\\ClassLoader->loadClass('App\\\\Console\\\\Com...')
#4 [internal function]: spl_autoload_call('App\\\\Console\\\\Com...')
#5 /var/www/html/controlcoin/vendor/laravel/framework/src/Illuminate/Container/Container.php(752): ReflectionClass->__construct('\\\\App\\\\Console\\\\Co...')
#6 /var/www/html/controlcoin/vendor/laravel/framework/src/Illuminate/Container/Container.php(631): Illuminate\\Container\\Container->build('\\\\App\\\\Console\\\\Co...')
#7 /var/www/html/controlcoin/vendor/laravel/framework/src/Illuminate/Container/Container.php(586): Illuminate\\Container\\Container->resolve('\\\\App\\\\Console\\\\Co...', Array)
#8 /var/www/html/controlcoin/vendor/laravel/framework/src/Illuminate/Foundation/Application.php(732): Illuminate\\Container\\Container->make('\\\\App\\\\Console\\\\Co...', Array)
#9 /var/www/html/controlcoin/vendor/laravel/framework/src/Illuminate/Console/Application.php(228): Illuminate\\Foundation\\Application->make('\\\\App\\\\Console\\\\Co...')
#10 /var/www/html/controlcoin/vendor/laravel/framework/src/Illuminate/Console/Application.php(242): Illuminate\\Console\\Application->resolve('\\\\App\\\\Console\\\\Co...')
#11 /var/www/html/controlcoin/vendor/laravel/framework/src/Illuminate/Foundation/Console/Kernel.php(317): Illuminate\\Console\\Application->resolveCommands(Array)
#12 /var/www/html/controlcoin/vendor/laravel/framework/src/Illuminate/Foundation/Console/Kernel.php(121): Illuminate\\Foundation\\Console\\Kernel->getArtisan()
#13 /var/www/html/controlcoin/artisan(37): Illuminate\\Foundation\\Console\\Kernel->handle(Object(Symfony\\Component\\Console\\Input\\ArgvInput), Object(Symfony\\Component\\Console\\Output\\ConsoleOutput))
#14 {main}
"} 
[2019-02-19 11:29:48] local.ERROR: There are no commands defined in the "clear" namespace. {"exception":"[object] (Symfony\\Component\\Console\\Exception\\CommandNotFoundException(code: 0): There are no commands defined in the \"clear\" namespace. at /var/www/html/controlcoin/vendor/symfony/console/Application.php:564)
[stacktrace]
#0 /var/www/html/controlcoin/vendor/symfony/console/Application.php(604): Symfony\\Component\\Console\\Application->findNamespace('clear')
#1 /var/www/html/controlcoin/vendor/symfony/console/Application.php(229): Symfony\\Component\\Console\\Application->find('clear:cache')
#2 /var/www/html/controlcoin/vendor/symfony/console/Application.php(148): Symfony\\Component\\Console\\Application->doRun(Object(Symfony\\Component\\Console\\Input\\ArgvInput), Object(Symfony\\Component\\Console\\Output\\ConsoleOutput))
#3 /var/www/html/controlcoin/vendor/laravel/framework/src/Illuminate/Console/Application.php(88): Symfony\\Component\\Console\\Application->run(Object(Symfony\\Component\\Console\\Input\\ArgvInput), Object(Symfony\\Component\\Console\\Output\\ConsoleOutput))
#4 /var/www/html/controlcoin/vendor/laravel/framework/src/Illuminate/Foundation/Console/Kernel.php(121): Illuminate\\Console\\Application->run(Object(Symfony\\Component\\Console\\Input\\ArgvInput), Object(Symfony\\Component\\Console\\Output\\ConsoleOutput))
#5 /var/www/html/controlcoin/artisan(37): Illuminate\\Foundation\\Console\\Kernel->handle(Object(Symfony\\Component\\Console\\Input\\ArgvInput), Object(Symfony\\Component\\Console\\Output\\ConsoleOutput))
#6 {main}
"} 
